<?xml version="1.0" encoding="UTF-8"?>
<!-- Generated by org.testng.reporters.JUnitXMLReporter -->
<testsuite hostname="MacBook-Air.local" ignored="0" name="Command line test" tests="5" failures="0" timestamp="19 янв 2023 13:19:35 GMT" time="0.087" errors="0">
  <testcase name="testDivideByZeroCase" time="0.025" classname="hardTests.HardTestClass"/>
  <testcase name="testSumOfMultipleParams" time="0.0" classname="hardTests.HardTestClass"/>
  <testcase name="testAverageValue" time="0.001" classname="mediumTests.MediumTestClass"/>
  <testcase name="testBiggestValue" time="0.001" classname="mediumTests.MediumTestClass"/>
  <testcase name="testEvenOrOdd" time="0.001" classname="mediumTests.MediumTestClass"/>
</testsuite> <!-- Command line test -->
